2020-12-01 12:36:54,212 [Worker-0: Loading available Gradle versions] INFO  o.e.b.c.i.u.g.PublishedGradleVersions - Gradle version information cache is up-to-date. Trying to read.
2020-12-01 12:41:00,892 [Worker-40: Building] INFO  o.e.m.c.i.l.LifecycleMappingFactory - Using org.eclipse.m2e.jdt.JarLifecycleMapping lifecycle mapping for MavenProject: com.ecom.test:SeleniumTestNgTestApp:0.0.1-SNAPSHOT @ C:\Users\ashis\git\SeleniumTestNgTestApp\pom.xml.
2020-12-01 12:41:00,892 [Worker-35: Updating Maven Dependencies] INFO  o.e.m.c.i.l.LifecycleMappingFactory - Using org.eclipse.m2e.jdt.JarLifecycleMapping lifecycle mapping for MavenProject: com.ecom.test:SeleniumTestNgTestApp:0.0.1-SNAPSHOT @ C:\Users\ashis\git\SeleniumTestNgTestApp\pom.xml.
2020-12-01 12:41:02,329 [Worker-40: Building] INFO  o.e.m.c.i.embedder.EclipseLogger - Using 'UTF-8' encoding to copy filtered resources.
2020-12-01 12:41:02,330 [Worker-40: Building] INFO  o.e.m.c.i.embedder.EclipseLogger - skip non existing resourceDirectory C:\Users\ashis\git\SeleniumTestNgTestApp\src\main\resources
2020-12-01 12:41:02,333 [Worker-40: Building] INFO  o.e.m.c.i.embedder.EclipseLogger - Using 'UTF-8' encoding to copy filtered resources.
2020-12-01 12:41:02,333 [Worker-40: Building] INFO  o.e.m.c.i.embedder.EclipseLogger - skip non existing resourceDirectory C:\Users\ashis\git\SeleniumTestNgTestApp\src\test\resources
2020-12-01 12:41:04,055 [Worker-36: Updating Maven Dependencies] INFO  o.e.m.c.i.l.LifecycleMappingFactory - Using org.eclipse.m2e.jdt.JarLifecycleMapping lifecycle mapping for MavenProject: com.ecom.test:SeleniumTestNgTestApp:0.0.1-SNAPSHOT @ C:\Users\ashis\git\SeleniumTestNgTestApp\pom.xml.
2020-12-01 12:41:04,304 [Worker-21: Building] INFO  o.e.m.c.i.embedder.EclipseLogger - Using 'UTF-8' encoding to copy filtered resources.
2020-12-01 12:41:04,305 [Worker-21: Building] INFO  o.e.m.c.i.embedder.EclipseLogger - skip non existing resourceDirectory C:\Users\ashis\git\SeleniumTestNgTestApp\src\main\resources
2020-12-01 12:41:04,308 [Worker-21: Building] INFO  o.e.m.c.i.embedder.EclipseLogger - Using 'UTF-8' encoding to copy filtered resources.
2020-12-01 12:41:04,308 [Worker-21: Building] INFO  o.e.m.c.i.embedder.EclipseLogger - skip non existing resourceDirectory C:\Users\ashis\git\SeleniumTestNgTestApp\src\test\resources
2020-12-01 12:41:05,912 [Worker-38: Building] INFO  o.e.m.c.i.embedder.EclipseLogger - Using 'UTF-8' encoding to copy filtered resources.
2020-12-01 12:41:05,912 [Worker-38: Building] INFO  o.e.m.c.i.embedder.EclipseLogger - skip non existing resourceDirectory C:\Users\ashis\git\SeleniumTestNgTestApp\src\main\resources
2020-12-01 12:41:05,913 [Worker-38: Building] INFO  o.e.m.c.i.embedder.EclipseLogger - Using 'UTF-8' encoding to copy filtered resources.
2020-12-01 12:41:05,913 [Worker-38: Building] INFO  o.e.m.c.i.embedder.EclipseLogger - skip non existing resourceDirectory C:\Users\ashis\git\SeleniumTestNgTestApp\src\test\resources
2020-12-01 12:42:02,662 [Worker-28: Building] INFO  o.e.m.c.i.embedder.EclipseLogger - Using 'UTF-8' encoding to copy filtered resources.
2020-12-01 12:42:02,662 [Worker-28: Building] INFO  o.e.m.c.i.embedder.EclipseLogger - skip non existing resourceDirectory C:\Users\ashis\git\SeleniumTestNgTestApp\src\main\resources
2020-12-01 12:42:02,663 [Worker-28: Building] INFO  o.e.m.c.i.embedder.EclipseLogger - Using 'UTF-8' encoding to copy filtered resources.
2020-12-01 12:42:02,663 [Worker-28: Building] INFO  o.e.m.c.i.embedder.EclipseLogger - skip non existing resourceDirectory C:\Users\ashis\git\SeleniumTestNgTestApp\src\test\resources
2020-12-01 12:42:09,494 [Worker-39: Building] INFO  o.e.m.c.i.embedder.EclipseLogger - Using 'UTF-8' encoding to copy filtered resources.
2020-12-01 12:42:09,494 [Worker-39: Building] INFO  o.e.m.c.i.embedder.EclipseLogger - skip non existing resourceDirectory C:\Users\ashis\git\SeleniumTestNgTestApp\src\main\resources
2020-12-01 12:42:09,495 [Worker-39: Building] INFO  o.e.m.c.i.embedder.EclipseLogger - Using 'UTF-8' encoding to copy filtered resources.
2020-12-01 12:42:09,495 [Worker-39: Building] INFO  o.e.m.c.i.embedder.EclipseLogger - skip non existing resourceDirectory C:\Users\ashis\git\SeleniumTestNgTestApp\src\test\resources
2020-12-01 12:42:10,510 [Worker-35: Building] INFO  o.e.m.c.i.embedder.EclipseLogger - Using 'UTF-8' encoding to copy filtered resources.
2020-12-01 12:42:10,510 [Worker-35: Building] INFO  o.e.m.c.i.embedder.EclipseLogger - skip non existing resourceDirectory C:\Users\ashis\git\SeleniumTestNgTestApp\src\main\resources
2020-12-01 12:42:10,510 [Worker-35: Building] INFO  o.e.m.c.i.embedder.EclipseLogger - Using 'UTF-8' encoding to copy filtered resources.
2020-12-01 12:42:10,510 [Worker-35: Building] INFO  o.e.m.c.i.embedder.EclipseLogger - skip non existing resourceDirectory C:\Users\ashis\git\SeleniumTestNgTestApp\src\test\resources
2020-12-01 12:42:57,988 [Worker-28: Building] INFO  o.e.m.c.i.embedder.EclipseLogger - Using 'UTF-8' encoding to copy filtered resources.
2020-12-01 12:42:57,989 [Worker-28: Building] INFO  o.e.m.c.i.embedder.EclipseLogger - skip non existing resourceDirectory C:\Users\ashis\git\SeleniumTestNgTestApp\src\main\resources
2020-12-01 12:42:57,989 [Worker-28: Building] INFO  o.e.m.c.i.embedder.EclipseLogger - Using 'UTF-8' encoding to copy filtered resources.
2020-12-01 12:42:57,990 [Worker-28: Building] INFO  o.e.m.c.i.embedder.EclipseLogger - skip non existing resourceDirectory C:\Users\ashis\git\SeleniumTestNgTestApp\src\test\resources
2020-12-01 12:44:46,559 [Worker-21: Building] INFO  o.e.m.c.i.embedder.EclipseLogger - Using 'UTF-8' encoding to copy filtered resources.
2020-12-01 12:44:46,560 [Worker-21: Building] INFO  o.e.m.c.i.embedder.EclipseLogger - skip non existing resourceDirectory C:\Users\ashis\git\SeleniumTestNgTestApp\src\main\resources
2020-12-01 12:44:46,561 [Worker-21: Building] INFO  o.e.m.c.i.embedder.EclipseLogger - Using 'UTF-8' encoding to copy filtered resources.
2020-12-01 12:44:46,561 [Worker-21: Building] INFO  o.e.m.c.i.embedder.EclipseLogger - skip non existing resourceDirectory C:\Users\ashis\git\SeleniumTestNgTestApp\src\test\resources
2020-12-01 12:44:47,572 [Worker-41: Building] INFO  o.e.m.c.i.embedder.EclipseLogger - Using 'UTF-8' encoding to copy filtered resources.
2020-12-01 12:44:47,573 [Worker-41: Building] INFO  o.e.m.c.i.embedder.EclipseLogger - skip non existing resourceDirectory C:\Users\ashis\git\SeleniumTestNgTestApp\src\main\resources
2020-12-01 12:44:47,574 [Worker-41: Building] INFO  o.e.m.c.i.embedder.EclipseLogger - Using 'UTF-8' encoding to copy filtered resources.
2020-12-01 12:44:47,574 [Worker-41: Building] INFO  o.e.m.c.i.embedder.EclipseLogger - skip non existing resourceDirectory C:\Users\ashis\git\SeleniumTestNgTestApp\src\test\resources
2020-12-01 12:45:47,541 [Worker-40: Building] INFO  o.e.m.c.i.embedder.EclipseLogger - Using 'UTF-8' encoding to copy filtered resources.
2020-12-01 12:45:47,541 [Worker-40: Building] INFO  o.e.m.c.i.embedder.EclipseLogger - skip non existing resourceDirectory C:\Users\ashis\git\SeleniumTestNgTestApp\src\main\resources
2020-12-01 12:45:47,541 [Worker-40: Building] INFO  o.e.m.c.i.embedder.EclipseLogger - Using 'UTF-8' encoding to copy filtered resources.
2020-12-01 12:45:47,541 [Worker-40: Building] INFO  o.e.m.c.i.embedder.EclipseLogger - skip non existing resourceDirectory C:\Users\ashis\git\SeleniumTestNgTestApp\src\test\resources
2020-12-01 13:41:11,137 [Worker-53: Building] INFO  o.e.m.c.i.embedder.EclipseLogger - Using 'UTF-8' encoding to copy filtered resources.
2020-12-01 13:41:11,138 [Worker-53: Building] INFO  o.e.m.c.i.embedder.EclipseLogger - skip non existing resourceDirectory C:\Users\ashis\git\SeleniumTestNgTestApp\src\main\resources
2020-12-01 13:41:11,139 [Worker-53: Building] INFO  o.e.m.c.i.embedder.EclipseLogger - Using 'UTF-8' encoding to copy filtered resources.
2020-12-01 13:41:11,139 [Worker-53: Building] INFO  o.e.m.c.i.embedder.EclipseLogger - skip non existing resourceDirectory C:\Users\ashis\git\SeleniumTestNgTestApp\src\test\resources
2020-12-01 14:06:32,904 [Worker-55: Building] INFO  o.e.m.c.i.embedder.EclipseLogger - Using 'UTF-8' encoding to copy filtered resources.
2020-12-01 14:06:32,904 [Worker-55: Building] INFO  o.e.m.c.i.embedder.EclipseLogger - skip non existing resourceDirectory C:\Users\ashis\git\SeleniumTestNgTestApp\src\main\resources
2020-12-01 14:06:32,905 [Worker-55: Building] INFO  o.e.m.c.i.embedder.EclipseLogger - Using 'UTF-8' encoding to copy filtered resources.
2020-12-01 14:06:32,905 [Worker-55: Building] INFO  o.e.m.c.i.embedder.EclipseLogger - skip non existing resourceDirectory C:\Users\ashis\git\SeleniumTestNgTestApp\src\test\resources
2020-12-01 14:11:28,564 [Worker-55: Building] INFO  o.e.m.c.i.embedder.EclipseLogger - Using 'UTF-8' encoding to copy filtered resources.
2020-12-01 14:11:28,564 [Worker-55: Building] INFO  o.e.m.c.i.embedder.EclipseLogger - skip non existing resourceDirectory C:\Users\ashis\git\SeleniumTestNgTestApp\src\main\resources
2020-12-01 14:11:28,565 [Worker-55: Building] INFO  o.e.m.c.i.embedder.EclipseLogger - Using 'UTF-8' encoding to copy filtered resources.
2020-12-01 14:11:28,565 [Worker-55: Building] INFO  o.e.m.c.i.embedder.EclipseLogger - skip non existing resourceDirectory C:\Users\ashis\git\SeleniumTestNgTestApp\src\test\resources
2020-12-01 14:14:14,757 [Worker-60: Building] INFO  o.e.m.c.i.embedder.EclipseLogger - Using 'UTF-8' encoding to copy filtered resources.
2020-12-01 14:14:14,757 [Worker-60: Building] INFO  o.e.m.c.i.embedder.EclipseLogger - skip non existing resourceDirectory C:\Users\ashis\git\SeleniumTestNgTestApp\src\main\resources
2020-12-01 14:14:14,758 [Worker-60: Building] INFO  o.e.m.c.i.embedder.EclipseLogger - Using 'UTF-8' encoding to copy filtered resources.
2020-12-01 14:14:14,758 [Worker-60: Building] INFO  o.e.m.c.i.embedder.EclipseLogger - skip non existing resourceDirectory C:\Users\ashis\git\SeleniumTestNgTestApp\src\test\resources
2020-12-01 14:14:15,769 [Worker-59: Building] INFO  o.e.m.c.i.embedder.EclipseLogger - Using 'UTF-8' encoding to copy filtered resources.
2020-12-01 14:14:15,769 [Worker-59: Building] INFO  o.e.m.c.i.embedder.EclipseLogger - skip non existing resourceDirectory C:\Users\ashis\git\SeleniumTestNgTestApp\src\main\resources
2020-12-01 14:14:15,770 [Worker-59: Building] INFO  o.e.m.c.i.embedder.EclipseLogger - Using 'UTF-8' encoding to copy filtered resources.
2020-12-01 14:14:15,770 [Worker-59: Building] INFO  o.e.m.c.i.embedder.EclipseLogger - skip non existing resourceDirectory C:\Users\ashis\git\SeleniumTestNgTestApp\src\test\resources
2020-12-01 14:19:07,821 [Worker-65: Building] INFO  o.e.m.c.i.embedder.EclipseLogger - Using 'UTF-8' encoding to copy filtered resources.
2020-12-01 14:19:07,822 [Worker-65: Building] INFO  o.e.m.c.i.embedder.EclipseLogger - skip non existing resourceDirectory C:\Users\ashis\git\SeleniumTestNgTestApp\src\main\resources
2020-12-01 14:19:07,823 [Worker-65: Building] INFO  o.e.m.c.i.embedder.EclipseLogger - Using 'UTF-8' encoding to copy filtered resources.
2020-12-01 14:19:07,823 [Worker-65: Building] INFO  o.e.m.c.i.embedder.EclipseLogger - skip non existing resourceDirectory C:\Users\ashis\git\SeleniumTestNgTestApp\src\test\resources
2020-12-01 14:19:19,506 [Worker-55: Building] INFO  o.e.m.c.i.embedder.EclipseLogger - Using 'UTF-8' encoding to copy filtered resources.
2020-12-01 14:19:19,506 [Worker-55: Building] INFO  o.e.m.c.i.embedder.EclipseLogger - skip non existing resourceDirectory C:\Users\ashis\git\SeleniumTestNgTestApp\src\main\resources
2020-12-01 14:19:19,510 [Worker-55: Building] INFO  o.e.m.c.i.embedder.EclipseLogger - Using 'UTF-8' encoding to copy filtered resources.
2020-12-01 14:19:19,511 [Worker-55: Building] INFO  o.e.m.c.i.embedder.EclipseLogger - skip non existing resourceDirectory C:\Users\ashis\git\SeleniumTestNgTestApp\src\test\resources
